07-Jul-2023 18:36:01.222 정보 [main] org.apache.catalina.core.AprLifecycleListener.lifecycleEvent 프로덕션 환경들에서 최적의 성능을 제공하는, APR 기반 Apache Tomcat Native 라이브러리가, 다음 java.library.path에서 발견되지 않습니다: [/home/hosting_users/usr/local/fakechroot/lib/fakechroot:/usr/local/fakechroot/lib/fakechroot:/home/hosting_users/usr/lib:/home/hosting_users/lib:/usr/local/mysql/lib:/usr/java/packages/lib/amd64:/usr/lib64:/lib64:/lib:/usr/lib]
07-Jul-2023 18:36:01.271 정보 [main] org.apache.coyote.AbstractProtocol.init 프로토콜 핸들러 ["http-nio-8645"]을(를) 초기화합니다.
07-Jul-2023 18:36:01.282 정보 [main] org.apache.catalina.startup.Catalina.load Initialization processed in 255 ms
07-Jul-2023 18:36:01.287 경고 [main] org.apache.tomcat.dbcp.dbcp2.BasicDataSourceFactory.getObjectInstance Name = jo7220 Property maxActive is not used in DBCP2, use maxTotal instead. maxTotal default value is 8. You have set value of "20" for "maxActive" property, which is being ignored.
07-Jul-2023 18:36:01.287 경고 [main] org.apache.tomcat.dbcp.dbcp2.BasicDataSourceFactory.getObjectInstance Name = jo7220 Property maxWait is not used in DBCP2 , use maxWaitMillis instead. maxWaitMillis default value is -1. You have set value of "3000" for "maxWait" property, which is being ignored.
07-Jul-2023 18:36:01.304 정보 [main] org.apache.catalina.core.StandardService.startInternal 서비스 [jo7220]을(를) 시작합니다.
07-Jul-2023 18:36:01.304 정보 [main] org.apache.catalina.core.StandardEngine.startInternal 서버 엔진을 시작합니다: [Apache Tomcat/8.5.79]
07-Jul-2023 18:36:01.313 정보 [fullstaybyeollae.co.kr-startStop-1] org.apache.catalina.startup.HostConfig.deployWAR 웹 애플리케이션 아카이브 [/jo7220/tomcat/webapps/ROOT.war]을(를) 배치합니다.
07-Jul-2023 18:36:01.327 정보 [fullstaybyeollae.co.kr-startStop-1] org.apache.catalina.startup.ExpandWar.expand 압축이 풀려진 디렉토리 [/jo7220/tomcat/webapps/ROOT]의 최종 변경 시간이, 연관된 WAR의 최종 변경 시간과 부합하지 않습니다. 해당 디렉토리는 삭제될 것입니다.
07-Jul-2023 18:36:01.939 경고 [fullstaybyeollae.co.kr-startStop-1] org.apache.tomcat.util.descriptor.web.WebXml.setVersion 알 수 없는 버전 문자열 [4.0]. 기본 버전이 사용될 것입니다.
07-Jul-2023 18:36:01.944 경고 [fullstaybyeollae.co.kr-startStop-1] org.apache.tomcat.util.descriptor.web.WebXml.setVersion 알 수 없는 버전 문자열 [4.0]. 기본 버전이 사용될 것입니다.
07-Jul-2023 18:36:01.945 경고 [fullstaybyeollae.co.kr-startStop-1] org.apache.tomcat.util.descriptor.web.WebXml.setVersion 알 수 없는 버전 문자열 [4.0]. 기본 버전이 사용될 것입니다.
07-Jul-2023 18:36:03.246 경고 [fullstaybyeollae.co.kr-startStop-1] org.apache.tomcat.dbcp.dbcp2.BasicDataSourceFactory.getObjectInstance Name = jo7220 Property maxActive is not used in DBCP2, use maxTotal instead. maxTotal default value is 8. You have set value of "20" for "maxActive" property, which is being ignored.
07-Jul-2023 18:36:03.246 경고 [fullstaybyeollae.co.kr-startStop-1] org.apache.tomcat.dbcp.dbcp2.BasicDataSourceFactory.getObjectInstance Name = jo7220 Property maxWait is not used in DBCP2 , use maxWaitMillis instead. maxWaitMillis default value is -1. You have set value of "3000" for "maxWait" property, which is being ignored.
07-Jul-2023 18:36:03.309 정보 [fullstaybyeollae.co.kr-startStop-1] org.apache.jasper.servlet.TldScanner.scanJars 적어도 하나의 JAR가 TLD들을 찾기 위해 스캔되었으나 아무 것도 찾지 못했습니다. 스캔했으나 TLD가 없는 JAR들의 전체 목록을 보시려면, 로그 레벨을 디버그 레벨로 설정하십시오. 스캔 과정에서 불필요한 JAR들을 건너뛰면, 시스템 시작 시간과 JSP 컴파일 시간을 단축시킬 수 있습니다.
07-Jul-2023 18:36:03.372 정보 [fullstaybyeollae.co.kr-startStop-1] org.apache.catalina.core.ApplicationContext.log 1 Spring WebApplicationInitializers detected on classpath
07-Jul-2023 18:36:03.385 정보 [fullstaybyeollae.co.kr-startStop-1] org.apache.catalina.startup.HostConfig.deployWAR 웹 애플리케이션 아카이브 [/jo7220/tomcat/webapps/ROOT.war]의 배치가 [2,071] 밀리초에 완료되었습니다.
07-Jul-2023 18:36:03.385 정보 [fullstaybyeollae.co.kr-startStop-1] org.apache.catalina.startup.HostConfig.deployDirectory 웹 애플리케이션 디렉토리 [/jo7220/tomcat/webapps/host-manager]을(를) 배치합니다.
07-Jul-2023 18:36:03.566 경고 [fullstaybyeollae.co.kr-startStop-1] org.apache.tomcat.dbcp.dbcp2.BasicDataSourceFactory.getObjectInstance Name = jo7220 Property maxActive is not used in DBCP2, use maxTotal instead. maxTotal default value is 8. You have set value of "20" for "maxActive" property, which is being ignored.
07-Jul-2023 18:36:03.566 경고 [fullstaybyeollae.co.kr-startStop-1] org.apache.tomcat.dbcp.dbcp2.BasicDataSourceFactory.getObjectInstance Name = jo7220 Property maxWait is not used in DBCP2 , use maxWaitMillis instead. maxWaitMillis default value is -1. You have set value of "3000" for "maxWait" property, which is being ignored.
07-Jul-2023 18:36:03.569 정보 [fullstaybyeollae.co.kr-startStop-1] org.apache.jasper.servlet.TldScanner.scanJars 적어도 하나의 JAR가 TLD들을 찾기 위해 스캔되었으나 아무 것도 찾지 못했습니다. 스캔했으나 TLD가 없는 JAR들의 전체 목록을 보시려면, 로그 레벨을 디버그 레벨로 설정하십시오. 스캔 과정에서 불필요한 JAR들을 건너뛰면, 시스템 시작 시간과 JSP 컴파일 시간을 단축시킬 수 있습니다.
07-Jul-2023 18:36:03.572 정보 [fullstaybyeollae.co.kr-startStop-1] org.apache.catalina.startup.HostConfig.deployDirectory 웹 애플리케이션 디렉토리 [/jo7220/tomcat/webapps/host-manager]에 대한 배치가 [187] 밀리초에 완료되었습니다.
07-Jul-2023 18:36:03.572 정보 [fullstaybyeollae.co.kr-startStop-1] org.apache.catalina.startup.HostConfig.deployDirectory 웹 애플리케이션 디렉토리 [/jo7220/tomcat/webapps/manager]을(를) 배치합니다.
07-Jul-2023 18:36:03.756 경고 [fullstaybyeollae.co.kr-startStop-1] org.apache.tomcat.dbcp.dbcp2.BasicDataSourceFactory.getObjectInstance Name = jo7220 Property maxActive is not used in DBCP2, use maxTotal instead. maxTotal default value is 8. You have set value of "20" for "maxActive" property, which is being ignored.
07-Jul-2023 18:36:03.756 경고 [fullstaybyeollae.co.kr-startStop-1] org.apache.tomcat.dbcp.dbcp2.BasicDataSourceFactory.getObjectInstance Name = jo7220 Property maxWait is not used in DBCP2 , use maxWaitMillis instead. maxWaitMillis default value is -1. You have set value of "3000" for "maxWait" property, which is being ignored.
07-Jul-2023 18:36:03.758 정보 [fullstaybyeollae.co.kr-startStop-1] org.apache.jasper.servlet.TldScanner.scanJars 적어도 하나의 JAR가 TLD들을 찾기 위해 스캔되었으나 아무 것도 찾지 못했습니다. 스캔했으나 TLD가 없는 JAR들의 전체 목록을 보시려면, 로그 레벨을 디버그 레벨로 설정하십시오. 스캔 과정에서 불필요한 JAR들을 건너뛰면, 시스템 시작 시간과 JSP 컴파일 시간을 단축시킬 수 있습니다.
07-Jul-2023 18:36:03.759 정보 [fullstaybyeollae.co.kr-startStop-1] org.apache.catalina.startup.HostConfig.deployDirectory 웹 애플리케이션 디렉토리 [/jo7220/tomcat/webapps/manager]에 대한 배치가 [187] 밀리초에 완료되었습니다.
07-Jul-2023 18:36:03.761 정보 [main] org.apache.coyote.AbstractProtocol.start 프로토콜 핸들러 ["http-nio-8645"]을(를) 시작합니다.
07-Jul-2023 18:36:03.767 정보 [main] org.apache.catalina.startup.Catalina.start Server startup in 2485 ms
07-Jul-2023 18:37:02.269 정보 [main] org.apache.catalina.core.AprLifecycleListener.lifecycleEvent 프로덕션 환경들에서 최적의 성능을 제공하는, APR 기반 Apache Tomcat Native 라이브러리가, 다음 java.library.path에서 발견되지 않습니다: [/home/hosting_users/usr/local/fakechroot/lib/fakechroot:/usr/local/fakechroot/lib/fakechroot:/home/hosting_users/usr/lib:/home/hosting_users/lib:/usr/local/mysql/lib:/usr/java/packages/lib/amd64:/usr/lib64:/lib64:/lib:/usr/lib]
07-Jul-2023 18:37:02.317 정보 [main] org.apache.coyote.AbstractProtocol.init 프로토콜 핸들러 ["http-nio-8645"]을(를) 초기화합니다.
07-Jul-2023 18:37:02.328 정보 [main] org.apache.catalina.startup.Catalina.load Initialization processed in 243 ms
07-Jul-2023 18:37:02.334 경고 [main] org.apache.tomcat.dbcp.dbcp2.BasicDataSourceFactory.getObjectInstance Name = jo7220 Property maxActive is not used in DBCP2, use maxTotal instead. maxTotal default value is 8. You have set value of "20" for "maxActive" property, which is being ignored.
07-Jul-2023 18:37:02.334 경고 [main] org.apache.tomcat.dbcp.dbcp2.BasicDataSourceFactory.getObjectInstance Name = jo7220 Property maxWait is not used in DBCP2 , use maxWaitMillis instead. maxWaitMillis default value is -1. You have set value of "3000" for "maxWait" property, which is being ignored.
07-Jul-2023 18:37:02.352 정보 [main] org.apache.catalina.core.StandardService.startInternal 서비스 [jo7220]을(를) 시작합니다.
07-Jul-2023 18:37:02.352 정보 [main] org.apache.catalina.core.StandardEngine.startInternal 서버 엔진을 시작합니다: [Apache Tomcat/8.5.79]
07-Jul-2023 18:37:02.362 정보 [fullstaybyeollae.co.kr-startStop-1] org.apache.catalina.startup.HostConfig.deployWAR 웹 애플리케이션 아카이브 [/jo7220/tomcat/webapps/ROOT.war]을(를) 배치합니다.
07-Jul-2023 18:37:02.372 정보 [fullstaybyeollae.co.kr-startStop-1] org.apache.catalina.startup.ExpandWar.expand 압축이 풀려진 디렉토리 [/jo7220/tomcat/webapps/ROOT]의 최종 변경 시간이, 연관된 WAR의 최종 변경 시간과 부합하지 않습니다. 해당 디렉토리는 삭제될 것입니다.
07-Jul-2023 18:37:03.022 경고 [fullstaybyeollae.co.kr-startStop-1] org.apache.tomcat.util.descriptor.web.WebXml.setVersion 알 수 없는 버전 문자열 [4.0]. 기본 버전이 사용될 것입니다.
07-Jul-2023 18:37:03.028 경고 [fullstaybyeollae.co.kr-startStop-1] org.apache.tomcat.util.descriptor.web.WebXml.setVersion 알 수 없는 버전 문자열 [4.0]. 기본 버전이 사용될 것입니다.
07-Jul-2023 18:37:03.029 경고 [fullstaybyeollae.co.kr-startStop-1] org.apache.tomcat.util.descriptor.web.WebXml.setVersion 알 수 없는 버전 문자열 [4.0]. 기본 버전이 사용될 것입니다.
07-Jul-2023 18:37:04.322 경고 [fullstaybyeollae.co.kr-startStop-1] org.apache.tomcat.dbcp.dbcp2.BasicDataSourceFactory.getObjectInstance Name = jo7220 Property maxActive is not used in DBCP2, use maxTotal instead. maxTotal default value is 8. You have set value of "20" for "maxActive" property, which is being ignored.
07-Jul-2023 18:37:04.323 경고 [fullstaybyeollae.co.kr-startStop-1] org.apache.tomcat.dbcp.dbcp2.BasicDataSourceFactory.getObjectInstance Name = jo7220 Property maxWait is not used in DBCP2 , use maxWaitMillis instead. maxWaitMillis default value is -1. You have set value of "3000" for "maxWait" property, which is being ignored.
07-Jul-2023 18:37:04.390 정보 [fullstaybyeollae.co.kr-startStop-1] org.apache.jasper.servlet.TldScanner.scanJars 적어도 하나의 JAR가 TLD들을 찾기 위해 스캔되었으나 아무 것도 찾지 못했습니다. 스캔했으나 TLD가 없는 JAR들의 전체 목록을 보시려면, 로그 레벨을 디버그 레벨로 설정하십시오. 스캔 과정에서 불필요한 JAR들을 건너뛰면, 시스템 시작 시간과 JSP 컴파일 시간을 단축시킬 수 있습니다.
07-Jul-2023 18:37:04.450 정보 [fullstaybyeollae.co.kr-startStop-1] org.apache.catalina.core.ApplicationContext.log 2 Spring WebApplicationInitializers detected on classpath
07-Jul-2023 18:37:05.865 정보 [fullstaybyeollae.co.kr-startStop-1] org.apache.catalina.core.ApplicationContext.log Initializing Spring embedded WebApplicationContext
07-Jul-2023 18:37:06.551 정보 [fullstaybyeollae.co.kr-startStop-1] org.apache.catalina.startup.HostConfig.deployWAR 웹 애플리케이션 아카이브 [/jo7220/tomcat/webapps/ROOT.war]의 배치가 [4,189] 밀리초에 완료되었습니다.
07-Jul-2023 18:37:06.551 정보 [fullstaybyeollae.co.kr-startStop-1] org.apache.catalina.startup.HostConfig.deployDirectory 웹 애플리케이션 디렉토리 [/jo7220/tomcat/webapps/host-manager]을(를) 배치합니다.
07-Jul-2023 18:37:06.701 경고 [fullstaybyeollae.co.kr-startStop-1] org.apache.tomcat.dbcp.dbcp2.BasicDataSourceFactory.getObjectInstance Name = jo7220 Property maxActive is not used in DBCP2, use maxTotal instead. maxTotal default value is 8. You have set value of "20" for "maxActive" property, which is being ignored.
07-Jul-2023 18:37:06.701 경고 [fullstaybyeollae.co.kr-startStop-1] org.apache.tomcat.dbcp.dbcp2.BasicDataSourceFactory.getObjectInstance Name = jo7220 Property maxWait is not used in DBCP2 , use maxWaitMillis instead. maxWaitMillis default value is -1. You have set value of "3000" for "maxWait" property, which is being ignored.
07-Jul-2023 18:37:06.704 정보 [fullstaybyeollae.co.kr-startStop-1] org.apache.jasper.servlet.TldScanner.scanJars 적어도 하나의 JAR가 TLD들을 찾기 위해 스캔되었으나 아무 것도 찾지 못했습니다. 스캔했으나 TLD가 없는 JAR들의 전체 목록을 보시려면, 로그 레벨을 디버그 레벨로 설정하십시오. 스캔 과정에서 불필요한 JAR들을 건너뛰면, 시스템 시작 시간과 JSP 컴파일 시간을 단축시킬 수 있습니다.
07-Jul-2023 18:37:06.709 정보 [fullstaybyeollae.co.kr-startStop-1] org.apache.catalina.startup.HostConfig.deployDirectory 웹 애플리케이션 디렉토리 [/jo7220/tomcat/webapps/host-manager]에 대한 배치가 [158] 밀리초에 완료되었습니다.
07-Jul-2023 18:37:06.709 정보 [fullstaybyeollae.co.kr-startStop-1] org.apache.catalina.startup.HostConfig.deployDirectory 웹 애플리케이션 디렉토리 [/jo7220/tomcat/webapps/manager]을(를) 배치합니다.
07-Jul-2023 18:37:06.855 경고 [fullstaybyeollae.co.kr-startStop-1] org.apache.tomcat.dbcp.dbcp2.BasicDataSourceFactory.getObjectInstance Name = jo7220 Property maxActive is not used in DBCP2, use maxTotal instead. maxTotal default value is 8. You have set value of "20" for "maxActive" property, which is being ignored.
07-Jul-2023 18:37:06.855 경고 [fullstaybyeollae.co.kr-startStop-1] org.apache.tomcat.dbcp.dbcp2.BasicDataSourceFactory.getObjectInstance Name = jo7220 Property maxWait is not used in DBCP2 , use maxWaitMillis instead. maxWaitMillis default value is -1. You have set value of "3000" for "maxWait" property, which is being ignored.
07-Jul-2023 18:37:06.857 정보 [fullstaybyeollae.co.kr-startStop-1] org.apache.jasper.servlet.TldScanner.scanJars 적어도 하나의 JAR가 TLD들을 찾기 위해 스캔되었으나 아무 것도 찾지 못했습니다. 스캔했으나 TLD가 없는 JAR들의 전체 목록을 보시려면, 로그 레벨을 디버그 레벨로 설정하십시오. 스캔 과정에서 불필요한 JAR들을 건너뛰면, 시스템 시작 시간과 JSP 컴파일 시간을 단축시킬 수 있습니다.
07-Jul-2023 18:37:06.858 정보 [fullstaybyeollae.co.kr-startStop-1] org.apache.catalina.startup.HostConfig.deployDirectory 웹 애플리케이션 디렉토리 [/jo7220/tomcat/webapps/manager]에 대한 배치가 [149] 밀리초에 완료되었습니다.
07-Jul-2023 18:37:06.860 정보 [main] org.apache.coyote.AbstractProtocol.start 프로토콜 핸들러 ["http-nio-8645"]을(를) 시작합니다.
07-Jul-2023 18:37:06.868 정보 [main] org.apache.catalina.startup.Catalina.start Server startup in 4539 ms
07-Jul-2023 18:37:06.901 정보 [http-nio-8645-exec-1] org.apache.catalina.core.ApplicationContext.log Initializing Spring DispatcherServlet 'dispatcherServlet'
07-Jul-2023 18:46:16.899 정보 [ContainerBackgroundProcessor[StandardEngine[jo7220]]] org.apache.catalina.startup.HostConfig.undeploy 컨텍스트 []의 배치를 제거합니다.
07-Jul-2023 18:46:16.900 정보 [ContainerBackgroundProcessor[StandardEngine[jo7220]]] org.apache.catalina.core.ApplicationContext.log Destroying Spring FrameworkServlet 'dispatcherServlet'
07-Jul-2023 18:46:16.906 정보 [ContainerBackgroundProcessor[StandardEngine[jo7220]]] org.apache.catalina.core.ApplicationContext.log Closing Spring root WebApplicationContext
07-Jul-2023 18:46:16.918 경고 [ContainerBackgroundProcessor[StandardEngine[jo7220]]] org.apache.catalina.loader.WebappClassLoaderBase.clearReferencesThreads 웹 애플리케이션 [ROOT]이(가) [mysql-cj-abandoned-connection-cleanup](이)라는 이름의 쓰레드를 시작시킨 것으로 보이지만, 해당 쓰레드를 중지시키지 못했습니다. 이는 메모리 누수를 유발할 가능성이 큽니다. 해당 쓰레드의 스택 트레이스:
 java.lang.Object.wait(Native Method)
 java.lang.ref.ReferenceQueue.remove(ReferenceQueue.java:143)
 com.mysql.cj.jdbc.AbandonedConnectionCleanupThread.run(AbandonedConnectionCleanupThread.java:91)
 java.util.concurrent.ThreadPoolExecutor.runWorker(ThreadPoolExecutor.java:1142)
 java.util.concurrent.ThreadPoolExecutor$Worker.run(ThreadPoolExecutor.java:617)
 java.lang.Thread.run(Thread.java:745)
07-Jul-2023 18:46:16.934 정보 [fullstaybyeollae.co.kr-startStop-2] org.apache.catalina.startup.HostConfig.deployWAR 웹 애플리케이션 아카이브 [/jo7220/tomcat/webapps/ROOT.war]을(를) 배치합니다.
07-Jul-2023 18:46:17.487 경고 [fullstaybyeollae.co.kr-startStop-2] org.apache.tomcat.util.descriptor.web.WebXml.setVersion 알 수 없는 버전 문자열 [4.0]. 기본 버전이 사용될 것입니다.
07-Jul-2023 18:46:17.489 경고 [fullstaybyeollae.co.kr-startStop-2] org.apache.tomcat.util.descriptor.web.WebXml.setVersion 알 수 없는 버전 문자열 [4.0]. 기본 버전이 사용될 것입니다.
07-Jul-2023 18:46:17.489 경고 [fullstaybyeollae.co.kr-startStop-2] org.apache.tomcat.util.descriptor.web.WebXml.setVersion 알 수 없는 버전 문자열 [4.0]. 기본 버전이 사용될 것입니다.
07-Jul-2023 18:46:18.521 경고 [fullstaybyeollae.co.kr-startStop-2] org.apache.tomcat.dbcp.dbcp2.BasicDataSourceFactory.getObjectInstance Name = jo7220 Property maxActive is not used in DBCP2, use maxTotal instead. maxTotal default value is 8. You have set value of "20" for "maxActive" property, which is being ignored.
07-Jul-2023 18:46:18.521 경고 [fullstaybyeollae.co.kr-startStop-2] org.apache.tomcat.dbcp.dbcp2.BasicDataSourceFactory.getObjectInstance Name = jo7220 Property maxWait is not used in DBCP2 , use maxWaitMillis instead. maxWaitMillis default value is -1. You have set value of "3000" for "maxWait" property, which is being ignored.
07-Jul-2023 18:46:19.883 정보 [main] org.apache.catalina.core.AprLifecycleListener.lifecycleEvent 프로덕션 환경들에서 최적의 성능을 제공하는, APR 기반 Apache Tomcat Native 라이브러리가, 다음 java.library.path에서 발견되지 않습니다: [/home/hosting_users/usr/local/fakechroot/lib/fakechroot:/usr/local/fakechroot/lib/fakechroot:/home/hosting_users/usr/lib:/home/hosting_users/lib:/usr/local/mysql/lib:/usr/java/packages/lib/amd64:/usr/lib64:/lib64:/lib:/usr/lib]
07-Jul-2023 18:46:19.929 정보 [main] org.apache.coyote.AbstractProtocol.init 프로토콜 핸들러 ["http-nio-8645"]을(를) 초기화합니다.
07-Jul-2023 18:46:19.940 정보 [main] org.apache.catalina.startup.Catalina.load Initialization processed in 242 ms
07-Jul-2023 18:46:19.945 경고 [main] org.apache.tomcat.dbcp.dbcp2.BasicDataSourceFactory.getObjectInstance Name = jo7220 Property maxActive is not used in DBCP2, use maxTotal instead. maxTotal default value is 8. You have set value of "20" for "maxActive" property, which is being ignored.
07-Jul-2023 18:46:19.945 경고 [main] org.apache.tomcat.dbcp.dbcp2.BasicDataSourceFactory.getObjectInstance Name = jo7220 Property maxWait is not used in DBCP2 , use maxWaitMillis instead. maxWaitMillis default value is -1. You have set value of "3000" for "maxWait" property, which is being ignored.
07-Jul-2023 18:46:19.963 정보 [main] org.apache.catalina.core.StandardService.startInternal 서비스 [jo7220]을(를) 시작합니다.
07-Jul-2023 18:46:19.963 정보 [main] org.apache.catalina.core.StandardEngine.startInternal 서버 엔진을 시작합니다: [Apache Tomcat/8.5.79]
07-Jul-2023 18:46:19.972 정보 [fullstaybyeollae.co.kr-startStop-1] org.apache.catalina.startup.HostConfig.deployWAR 웹 애플리케이션 아카이브 [/jo7220/tomcat/webapps/ROOT.war]을(를) 배치합니다.
07-Jul-2023 18:46:20.052 경고 [fullstaybyeollae.co.kr-startStop-1] org.apache.tomcat.util.descriptor.web.WebXml.setVersion 알 수 없는 버전 문자열 [4.0]. 기본 버전이 사용될 것입니다.
07-Jul-2023 18:46:20.058 경고 [fullstaybyeollae.co.kr-startStop-1] org.apache.tomcat.util.descriptor.web.WebXml.setVersion 알 수 없는 버전 문자열 [4.0]. 기본 버전이 사용될 것입니다.
07-Jul-2023 18:46:20.059 경고 [fullstaybyeollae.co.kr-startStop-1] org.apache.tomcat.util.descriptor.web.WebXml.setVersion 알 수 없는 버전 문자열 [4.0]. 기본 버전이 사용될 것입니다.
07-Jul-2023 18:46:21.310 경고 [fullstaybyeollae.co.kr-startStop-1] org.apache.tomcat.dbcp.dbcp2.BasicDataSourceFactory.getObjectInstance Name = jo7220 Property maxActive is not used in DBCP2, use maxTotal instead. maxTotal default value is 8. You have set value of "20" for "maxActive" property, which is being ignored.
07-Jul-2023 18:46:21.310 경고 [fullstaybyeollae.co.kr-startStop-1] org.apache.tomcat.dbcp.dbcp2.BasicDataSourceFactory.getObjectInstance Name = jo7220 Property maxWait is not used in DBCP2 , use maxWaitMillis instead. maxWaitMillis default value is -1. You have set value of "3000" for "maxWait" property, which is being ignored.
07-Jul-2023 18:46:21.379 정보 [fullstaybyeollae.co.kr-startStop-1] org.apache.jasper.servlet.TldScanner.scanJars 적어도 하나의 JAR가 TLD들을 찾기 위해 스캔되었으나 아무 것도 찾지 못했습니다. 스캔했으나 TLD가 없는 JAR들의 전체 목록을 보시려면, 로그 레벨을 디버그 레벨로 설정하십시오. 스캔 과정에서 불필요한 JAR들을 건너뛰면, 시스템 시작 시간과 JSP 컴파일 시간을 단축시킬 수 있습니다.
07-Jul-2023 18:46:21.435 정보 [fullstaybyeollae.co.kr-startStop-1] org.apache.catalina.core.ApplicationContext.log 1 Spring WebApplicationInitializers detected on classpath
07-Jul-2023 18:46:21.448 정보 [fullstaybyeollae.co.kr-startStop-1] org.apache.catalina.startup.HostConfig.deployWAR 웹 애플리케이션 아카이브 [/jo7220/tomcat/webapps/ROOT.war]의 배치가 [1,475] 밀리초에 완료되었습니다.
07-Jul-2023 18:46:21.448 정보 [fullstaybyeollae.co.kr-startStop-1] org.apache.catalina.startup.HostConfig.deployDirectory 웹 애플리케이션 디렉토리 [/jo7220/tomcat/webapps/host-manager]을(를) 배치합니다.
07-Jul-2023 18:46:21.619 경고 [fullstaybyeollae.co.kr-startStop-1] org.apache.tomcat.dbcp.dbcp2.BasicDataSourceFactory.getObjectInstance Name = jo7220 Property maxActive is not used in DBCP2, use maxTotal instead. maxTotal default value is 8. You have set value of "20" for "maxActive" property, which is being ignored.
07-Jul-2023 18:46:21.619 경고 [fullstaybyeollae.co.kr-startStop-1] org.apache.tomcat.dbcp.dbcp2.BasicDataSourceFactory.getObjectInstance Name = jo7220 Property maxWait is not used in DBCP2 , use maxWaitMillis instead. maxWaitMillis default value is -1. You have set value of "3000" for "maxWait" property, which is being ignored.
07-Jul-2023 18:46:21.622 정보 [fullstaybyeollae.co.kr-startStop-1] org.apache.jasper.servlet.TldScanner.scanJars 적어도 하나의 JAR가 TLD들을 찾기 위해 스캔되었으나 아무 것도 찾지 못했습니다. 스캔했으나 TLD가 없는 JAR들의 전체 목록을 보시려면, 로그 레벨을 디버그 레벨로 설정하십시오. 스캔 과정에서 불필요한 JAR들을 건너뛰면, 시스템 시작 시간과 JSP 컴파일 시간을 단축시킬 수 있습니다.
07-Jul-2023 18:46:21.625 정보 [fullstaybyeollae.co.kr-startStop-1] org.apache.catalina.startup.HostConfig.deployDirectory 웹 애플리케이션 디렉토리 [/jo7220/tomcat/webapps/host-manager]에 대한 배치가 [177] 밀리초에 완료되었습니다.
07-Jul-2023 18:46:21.625 정보 [fullstaybyeollae.co.kr-startStop-1] org.apache.catalina.startup.HostConfig.deployDirectory 웹 애플리케이션 디렉토리 [/jo7220/tomcat/webapps/manager]을(를) 배치합니다.
07-Jul-2023 18:46:21.803 경고 [fullstaybyeollae.co.kr-startStop-1] org.apache.tomcat.dbcp.dbcp2.BasicDataSourceFactory.getObjectInstance Name = jo7220 Property maxActive is not used in DBCP2, use maxTotal instead. maxTotal default value is 8. You have set value of "20" for "maxActive" property, which is being ignored.
07-Jul-2023 18:46:21.803 경고 [fullstaybyeollae.co.kr-startStop-1] org.apache.tomcat.dbcp.dbcp2.BasicDataSourceFactory.getObjectInstance Name = jo7220 Property maxWait is not used in DBCP2 , use maxWaitMillis instead. maxWaitMillis default value is -1. You have set value of "3000" for "maxWait" property, which is being ignored.
07-Jul-2023 18:46:21.806 정보 [fullstaybyeollae.co.kr-startStop-1] org.apache.jasper.servlet.TldScanner.scanJars 적어도 하나의 JAR가 TLD들을 찾기 위해 스캔되었으나 아무 것도 찾지 못했습니다. 스캔했으나 TLD가 없는 JAR들의 전체 목록을 보시려면, 로그 레벨을 디버그 레벨로 설정하십시오. 스캔 과정에서 불필요한 JAR들을 건너뛰면, 시스템 시작 시간과 JSP 컴파일 시간을 단축시킬 수 있습니다.
07-Jul-2023 18:46:21.807 정보 [fullstaybyeollae.co.kr-startStop-1] org.apache.catalina.startup.HostConfig.deployDirectory 웹 애플리케이션 디렉토리 [/jo7220/tomcat/webapps/manager]에 대한 배치가 [182] 밀리초에 완료되었습니다.
07-Jul-2023 18:46:21.808 정보 [main] org.apache.coyote.AbstractProtocol.start 프로토콜 핸들러 ["http-nio-8645"]을(를) 시작합니다.
07-Jul-2023 18:46:21.815 정보 [main] org.apache.catalina.startup.Catalina.start Server startup in 1874 ms
